This is LuaTeX, Version beta-0.76.0-2013062821 (rev 4627)  (format=lualatex 2014.4.14)  6 JUL 2014 15:48
**./BachelorArbeit.tex

("C:/Users/Markud/Documents/Bachelor Arbeit/BachelorArbeit/BachelorArbeit/Bache
lorArbeit.tex"
LaTeX2e <2011/06/27>
Babel <v3.8m> and hyphenation patterns for english, afrikaans, ancientgreek, ara
bic, armenian, assamese, basque, bengali, bokmal, bulgarian, catalan, coptic, cr
oatian, czech, danish, dutch, esperanto, estonian, farsi, finnish, french, galic
ian, german, german-x-2013-05-26, greek, gujarati, hindi, hungarian, icelandic, 
indonesian, interlingua, irish, italian, kannada, kurmanji, latin, latvian, lith
uanian, malayalam, marathi, mongolian, mongolianlmc, monogreek, ngerman, ngerman
-x-2013-05-26, nynorsk, oriya, panjabi, pinyin, polish, portuguese, romanian, ru
ssian, sanskrit, serbian, slovak, slovenian, spanish, swedish, swissgerman, tami
l, telugu, turkish, turkmen, ukenglish, ukrainian, uppersorbian, usenglishmax, w
elsh, loaded.
("C:/Program Files/MiKTeX 2.9/tex/latex/base/report.cls"
Document Class: report 2007/10/19 v1.4h Standard LaTeX document class
("C:/Program Files/MiKTeX 2.9/tex/latex/base/size11.clo"
File: size11.clo 2007/10/19 v1.4h Standard LaTeX file (size option)
)
\c@part=\count79
\c@chapter=\count80
\c@section=\count81
\c@subsection=\count82
\c@subsubsection=\count83
\c@paragraph=\count84
\c@subparagraph=\count85
\c@figure=\count86
\c@table=\count87
\abovecaptionskip=\skip41
\belowcaptionskip=\skip42
\bibindent=\dimen102
)
("C:/Users/Markud/Documents/Bachelor Arbeit/BachelorArbeit/BachelorArbeit/Tex/g
lobal.tex" ("C:/Program Files/MiKTeX 2.9/tex/latex/german/german.sty"
v2.5e 1998-07-08
Package: german 1998/07/08 v2.5e Support for writing german texts (br)
\grmnU@D=\dimen103
german -- \language number for Austrian undefined, default 22 used.
) ("C:/Program Files/MiKTeX 2.9/tex/latex/graphics/graphicx.sty"
Package: graphicx 1999/02/16 v1.0f Enhanced LaTeX Graphics (DPC,SPQR)
 ("C:/Program Files/MiKTeX 2.9/tex/latex/graphics/keyval.sty"
Package: keyval 1999/03/16 v1.13 key=value parser (DPC)
\KV@toks@=\toks14
)
("C:/Program Files/MiKTeX 2.9/tex/latex/graphics/graphics.sty"
Package: graphics 2009/02/05 v1.0o Standard LaTeX Graphics (DPC,SPQR)

("C:/Program Files/MiKTeX 2.9/tex/latex/graphics/trig.sty"
Package: trig 1999/03/16 v1.09 sin cos tan (DPC)
)
("C:/Program Files/MiKTeX 2.9/tex/latex/00miktex/graphics.cfg"
File: graphics.cfg 2007/01/18 v1.5 graphics configuration of teTeX/TeXLive
)
Package graphics Info: Driver file: pdftex.def on input line 91.

("C:/Program Files/MiKTeX 2.9/tex/latex/pdftex-def/pdftex.def"
File: pdftex.def 2011/05/27 v0.06d Graphics/color for pdfTeX

("C:/Program Files/MiKTeX 2.9/tex/generic/oberdiek/infwarerr.sty"
Package: infwarerr 2010/04/08 v1.3 Providing info/warning/error messages (HO)
)
("C:/Program Files/MiKTeX 2.9/tex/generic/oberdiek/ltxcmds.sty"
Package: ltxcmds 2011/11/09 v1.22 LaTeX kernel commands for general use (HO)
)
("C:/Program Files/MiKTeX 2.9/tex/generic/oberdiek/pdftexcmds.sty"
Package: pdftexcmds 2011/11/29 v0.20 Utility functions of pdfTeX for LuaTeX (HO)


("C:/Program Files/MiKTeX 2.9/tex/generic/oberdiek/ifluatex.sty"
Package: ifluatex 2010/03/01 v1.3 Provides the ifluatex switch (HO)
Package ifluatex Info: LuaTeX detected.
)
("C:/Program Files/MiKTeX 2.9/tex/generic/oberdiek/ifpdf.sty"
Package: ifpdf 2011/01/30 v2.3 Provides the ifpdf switch (HO)
Package ifpdf Info: pdfTeX in PDF mode is detected.
)
Package pdftexcmds Info: \pdf@primitive is available.
Package pdftexcmds Info: \pdf@ifprimitive is available.
Package pdftexcmds Info: \pdfdraftmode found.

("C:/Program Files/MiKTeX 2.9/tex/generic/oberdiek/luatex-loader.sty"
Package: luatex-loader 2010/03/09 v0.4 Lua module loader (HO)

(C:/Program Files/MiKTeX 2.9/scripts/oberdiek/oberdiek.luatex.lua))
\pdftexcmds@toks=\toks15
)
\Gread@gobject=\count88
))
\Gin@req@height=\dimen104
\Gin@req@width=\dimen105
)
("C:/Users/Markud/Documents/Bachelor Arbeit/BachelorArbeit/BachelorArbeit/Tex/n
icehead.sty") ("C:/Program Files/MiKTeX 2.9/tex/latex/graphics/epsfig.sty"
Package: epsfig 1999/02/16 v1.7a (e)psfig emulation (SPQR)
\epsfxsize=\dimen106
\epsfysize=\dimen107
)
("C:/Program Files/MiKTeX 2.9/tex/latex/amsfonts/amssymb.sty"
Package: amssymb 2013/01/14 v3.01 AMS font symbols

("C:/Program Files/MiKTeX 2.9/tex/latex/amsfonts/amsfonts.sty"
Package: amsfonts 2013/01/14 v3.01 Basic AMSFonts support
\@emptytoks=\toks16
\symAMSa=\mathgroup4
\symAMSb=\mathgroup5
LaTeX Font Info:    Overwriting math alphabet `\mathfrak' in version `bold'
(Font)                  U/euf/m/n --> U/euf/b/n on input line 106.
))
("C:/Program Files/MiKTeX 2.9/tex/latex/amsmath/amsmath.sty"
Package: amsmath 2013/01/14 v2.14 AMS math features
\@mathmargin=\skip43

For additional information on amsmath, use the `?' option.
("C:/Program Files/MiKTeX 2.9/tex/latex/amsmath/amstext.sty"
Package: amstext 2000/06/29 v2.01

("C:/Program Files/MiKTeX 2.9/tex/latex/amsmath/amsgen.sty"
File: amsgen.sty 1999/11/30 v2.0
\@emptytoks=\toks17
\ex@=\dimen108
))
("C:/Program Files/MiKTeX 2.9/tex/latex/amsmath/amsbsy.sty"
Package: amsbsy 1999/11/29 v1.2d
\pmbraise@=\dimen109
)
("C:/Program Files/MiKTeX 2.9/tex/latex/amsmath/amsopn.sty"
Package: amsopn 1999/12/14 v2.01 operator names
)
\inf@bad=\count89
LaTeX Info: Redefining \frac on input line 210.
\uproot@=\count90
\leftroot@=\count91
LaTeX Info: Redefining \overline on input line 306.
\classnum@=\count92
\DOTSCASE@=\count93
LaTeX Info: Redefining \ldots on input line 378.
LaTeX Info: Redefining \dots on input line 381.
LaTeX Info: Redefining \cdots on input line 466.
\Mathstrutbox@=\box26
\strutbox@=\box27
\big@size=\dimen110
LaTeX Font Info:    Redeclaring font encoding OML on input line 566.
LaTeX Font Info:    Redeclaring font encoding OMS on input line 567.
\macc@depth=\count94
\c@MaxMatrixCols=\count95
\dotsspace@=\muskip10
\c@parentequation=\count96
\dspbrk@lvl=\count97
\tag@help=\toks18
\row@=\count98
\column@=\count99
\maxfields@=\count100
\andhelp@=\toks19
\eqnshift@=\dimen111
\alignsep@=\dimen112
\tagshift@=\dimen113
\tagwidth@=\dimen114
\totwidth@=\dimen115
\lineht@=\dimen116
\@envbody=\toks20
\multlinegap=\skip44
\multlinetaggap=\skip45
\mathdisplay@stack=\toks21
LaTeX Info: Redefining \[ on input line 2665.
LaTeX Info: Redefining \] on input line 2666.
)
("C:/Program Files/MiKTeX 2.9/tex/latex/tools/tabularx.sty"
Package: tabularx 1999/01/07 v2.07 `tabularx' package (DPC)

("C:/Program Files/MiKTeX 2.9/tex/latex/tools/array.sty"
Package: array 2008/09/09 v2.4c Tabular extension package (FMi)
\col@sep=\dimen117
\extrarowheight=\dimen118
\NC@list=\toks22
\extratabsurround=\skip46
\backup@length=\skip47
)
\TX@col@width=\dimen119
\TX@old@table=\dimen120
\TX@old@col=\dimen121
\TX@target=\dimen122
\TX@delta=\dimen123
\TX@cols=\count101
\TX@ftn=\toks23
)
("C:/Program Files/MiKTeX 2.9/tex/latex/tools/calc.sty"
Package: calc 2007/08/22 v4.3 Infix arithmetic (KKT,FJ)
\calc@Acount=\count102
\calc@Bcount=\count103
\calc@Adimen=\dimen124
\calc@Bdimen=\dimen125
\calc@Askip=\skip48
\calc@Bskip=\skip49
LaTeX Info: Redefining \setlength on input line 76.
LaTeX Info: Redefining \addtolength on input line 77.
\calc@Ccount=\count104
\calc@Cskip=\skip50
)
("C:/Program Files/MiKTeX 2.9/tex/latex/floatflt/floatflt.sty"
Package: floatflt 1997/07/16 v. 1.31
\c@OptionTest=\count105
\figbox=\box28
\tabbox=\box29
\pagebox=\box30
\ffigcount=\count106
\ftabcount=\count107
\fftest=\count108
\hangcount=\count109
\nosuccesstryfig=\count110
\nosuccesstrytab=\count111
\figgutter=\dimen126
\tabgutter=\dimen127
\htdone=\dimen128
\pageht=\dimen129
\startpageht=\dimen130
\tabbredd=\dimen131
\floatfltwidth=\dimen132
\fltitemwidth=\dimen133
\outputpretest=\toks24
)
("C:/Program Files/MiKTeX 2.9/tex/latex/units/units.sty"
Package: units 1998/08/04 v0.9b Typesetting units

("C:/Program Files/MiKTeX 2.9/tex/latex/base/ifthen.sty"
Package: ifthen 2001/05/26 v1.1c Standard LaTeX ifthen package (DPC)
)
("C:/Program Files/MiKTeX 2.9/tex/latex/units/nicefrac.sty"
Package: nicefrac 1998/08/04 v0.9b Nice fractions
\L@UnitsRaiseDisplaystyle=\skip51
\L@UnitsRaiseTextstyle=\skip52
\L@UnitsRaiseScriptstyle=\skip53
))
("C:/Program Files/MiKTeX 2.9/tex/latex/was/upgreek.sty"
Package: upgreek 2003/02/12 v2.0 (WaS)
Package upgreek Info: Using Euler Roman for upright Greek on input line 31.
\symugrf@m=\mathgroup6
LaTeX Font Info:    Overwriting symbol font `ugrf@m' in version `bold'
(Font)                  U/eur/m/n --> U/eur/b/n on input line 38.
)
("C:/Program Files/MiKTeX 2.9/tex/latex/hyperref/hyperref.sty"
Package: hyperref 2012/11/06 v6.83m Hypertext links for LaTeX

("C:/Program Files/MiKTeX 2.9/tex/generic/oberdiek/hobsub-hyperref.sty"
Package: hobsub-hyperref 2012/04/25 v1.12 Bundle oberdiek, subset hyperref (HO)

("C:/Program Files/MiKTeX 2.9/tex/generic/oberdiek/hobsub-generic.sty"
Package: hobsub-generic 2012/04/25 v1.12 Bundle oberdiek, subset generic (HO)
Package: hobsub 2012/04/25 v1.12 Construct package bundles (HO)
Package hobsub Info: Skipping package `infwarerr' (already loaded).
Package hobsub Info: Skipping package `ltxcmds' (already loaded).
Package hobsub Info: Skipping package `ifluatex' (already loaded).
Package: ifvtex 2010/03/01 v1.5 Detect VTeX and its facilities (HO)
Package ifvtex Info: VTeX not detected.
Package: intcalc 2007/09/27 v1.1 Expandable calculations with integers (HO)
Package hobsub Info: Skipping package `ifpdf' (already loaded).
Package: etexcmds 2011/02/16 v1.5 Avoid name clashes with e-TeX commands (HO)
Package: kvsetkeys 2012/04/25 v1.16 Key value parser (HO)
Package: kvdefinekeys 2011/04/07 v1.3 Define keys (HO)
Package hobsub Info: Skipping package `luatex-loader' (already loaded).
Package hobsub Info: Skipping package `pdftexcmds' (already loaded).
Package: pdfescape 2011/11/25 v1.13 Implements pdfTeX's escape features (HO)
Package: bigintcalc 2012/04/08 v1.3 Expandable calculations on big integers (HO)

Package: bitset 2011/01/30 v1.1 Handle bit-vector datatype (HO)
Package: uniquecounter 2011/01/30 v1.2 Provide unlimited unique counter (HO)
)
Package hobsub Info: Skipping package `hobsub' (already loaded).
Package: letltxmacro 2010/09/02 v1.4 Let assignment for LaTeX macros (HO)
Package: hopatch 2011/06/24 v1.1 Wrapper for package hooks (HO)
Package: xcolor-patch 2011/01/30 xcolor patch
Package: atveryend 2011/06/30 v1.8 Hooks at the very end of document (HO)
Package atveryend Info: \enddocument detected (standard20110627).
Package: atbegshi 2011/10/05 v1.16 At begin shipout hook (HO)
Package: refcount 2011/10/16 v3.4 Data extraction from label references (HO)
Package: hycolor 2011/01/30 v1.7 Color options for hyperref/bookmark (HO)
)
("C:/Program Files/MiKTeX 2.9/tex/generic/ifxetex/ifxetex.sty"
Package: ifxetex 2010/09/12 v0.6 Provides ifxetex conditional
)
("C:/Program Files/MiKTeX 2.9/tex/latex/oberdiek/auxhook.sty"
Package: auxhook 2011/03/04 v1.3 Hooks for auxiliary files (HO)
)
("C:/Program Files/MiKTeX 2.9/tex/latex/oberdiek/kvoptions.sty"
Package: kvoptions 2011/06/30 v3.11 Key value format for package options (HO)
)
\@linkdim=\dimen134
\Hy@linkcounter=\count112
\Hy@pagecounter=\count113

("C:/Program Files/MiKTeX 2.9/tex/latex/hyperref/pd1enc.def"
File: pd1enc.def 2012/11/06 v6.83m Hyperref: PDFDocEncoding definition (HO)
)
\Hy@SavedSpaceFactor=\count114

("C:/Program Files/MiKTeX 2.9/tex/latex/00miktex/hyperref.cfg"
File: hyperref.cfg 2002/06/06 v1.2 hyperref configuration of TeXLive
)
Package hyperref Info: Option `hypertexnames' set `false' on input line 4319.
Package hyperref Info: Hyper figures OFF on input line 4443.
Package hyperref Info: Link nesting OFF on input line 4448.
Package hyperref Info: Hyper index ON on input line 4451.
Package hyperref Info: Plain pages OFF on input line 4458.
Package hyperref Info: Backreferencing OFF on input line 4463.
Package hyperref Info: Implicit mode ON; LaTeX internals redefined.
Package hyperref Info: Bookmarks ON on input line 4688.
\c@Hy@tempcnt=\count115

("C:/Program Files/MiKTeX 2.9/tex/latex/url/url.sty"
\Urlmuskip=\muskip11
Package: url 2013/09/16  ver 3.4  Verb mode for urls, etc.
)
LaTeX Info: Redefining \url on input line 5041.
\XeTeXLinkMargin=\dimen135
\Fld@menulength=\count116
\Field@Width=\dimen136
\Fld@charsize=\dimen137
Package hyperref Info: Hyper figures OFF on input line 6295.
Package hyperref Info: Link nesting OFF on input line 6300.
Package hyperref Info: Hyper index ON on input line 6303.
Package hyperref Info: backreferencing OFF on input line 6310.
Package hyperref Info: Link coloring OFF on input line 6315.
Package hyperref Info: Link coloring with OCG OFF on input line 6320.
Package hyperref Info: PDF/A mode OFF on input line 6325.
LaTeX Info: Redefining \ref on input line 6365.
LaTeX Info: Redefining \pageref on input line 6369.
\Hy@abspage=\count117
\c@Item=\count118
\c@Hfootnote=\count119
)

Package hyperref Message: Driver (autodetected): hpdftex.

("C:/Program Files/MiKTeX 2.9/tex/latex/hyperref/hpdftex.def"
File: hpdftex.def 2012/11/06 v6.83m Hyperref driver for pdfTeX
\Fld@listcount=\count120
\c@bookmark@seq@number=\count121

("C:/Program Files/MiKTeX 2.9/tex/latex/oberdiek/rerunfilecheck.sty"
Package: rerunfilecheck 2011/04/15 v1.7 Rerun checks for auxiliary files (HO)
Package uniquecounter Info: New unique counter `rerunfilecheck' on input line 28
2.
)
\Hy@SectionHShift=\skip54
)
("C:/Program Files/MiKTeX 2.9/tex/latex/eurosym/eurosym.sty"
Package: eurosym 1998/08/06 v1.1 European currency symbol ``Euro''
\@eurobox=\box31
)
("C:/Program Files/MiKTeX 2.9/tex/latex/fontspec/fontspec.sty"
Package: fontspec 2013/05/20 v2.3c Font selection for XeLaTeX and LuaLaTeX

("C:/Program Files/MiKTeX 2.9/tex/latex/l3kernel/expl3.sty"
("C:/Program Files/MiKTeX 2.9/tex/latex/l3kernel/l3names.sty"
("C:/Program Files/MiKTeX 2.9/tex/latex/l3kernel/l3bootstrap.sty"
Package: l3bootstrap 2014/01/04 v4640 L3 Experimental bootstrap code

("C:/Program Files/MiKTeX 2.9/tex/generic/oberdiek/luatex.sty"
Package: luatex 2010/03/09 v0.4 LuaTeX basic definition package (HO)

("C:/Program Files/MiKTeX 2.9/tex/latex/misc/etex.sty"
Package: etex 1998/03/26 v2.0 eTeX basic definition package (PEB)
\et@xins=\count122
)
\LuT@AllocAttribute=\count277
\LuT@AllocCatcodeTable=\count278
\CatcodeTableStack=\count279
\CatcodeTableIniTeX=\catcodetable1
\CatcodeTableString=\catcodetable3
\CatcodeTableOther=\catcodetable5
\CatcodeTableLaTeX=\catcodetable7
))
Package: l3names 2014/01/04 v4640 L3 Namespace for primitives
)
Package: expl3 2014/01/07 v4646 L3 Experimental code bundle wrapper

("C:/Program Files/MiKTeX 2.9/tex/latex/l3kernel/l3basics.sty"
Package: l3basics 2014/01/04 v4642 L3 Basic definitions
)
("C:/Program Files/MiKTeX 2.9/tex/latex/l3kernel/l3expan.sty"
Package: l3expan 2014/01/04 v4642 L3 Argument expansion
)
("C:/Program Files/MiKTeX 2.9/tex/latex/l3kernel/l3tl.sty"
Package: l3tl 2013/12/27 v4625 L3 Token lists
)
("C:/Program Files/MiKTeX 2.9/tex/latex/l3kernel/l3seq.sty"
Package: l3seq 2013/12/14 v4623 L3 Sequences and stacks
)
("C:/Program Files/MiKTeX 2.9/tex/latex/l3kernel/l3int.sty"
Package: l3int 2013/08/02 v4583 L3 Integers
\c_max_int=\count280
\l_tmpa_int=\count281
\l_tmpb_int=\count282
\g_tmpa_int=\count283
\g_tmpb_int=\count284
)
("C:/Program Files/MiKTeX 2.9/tex/latex/l3kernel/l3quark.sty"
Package: l3quark 2013/12/14 v4623 L3 Quarks
)
("C:/Program Files/MiKTeX 2.9/tex/latex/l3kernel/l3prg.sty"
Package: l3prg 2014/01/04 v4642 L3 Control structures
\g__prg_map_int=\count285
)
("C:/Program Files/MiKTeX 2.9/tex/latex/l3kernel/l3clist.sty"
Package: l3clist 2013/07/28 v4581 L3 Comma separated lists
)
("C:/Program Files/MiKTeX 2.9/tex/latex/l3kernel/l3token.sty"
Package: l3token 2013/08/25 v4587 L3 Experimental token manipulation
)
("C:/Program Files/MiKTeX 2.9/tex/latex/l3kernel/l3prop.sty"
Package: l3prop 2013/12/14 v4623 L3 Property lists
)
("C:/Program Files/MiKTeX 2.9/tex/latex/l3kernel/l3msg.sty"
Package: l3msg 2013/07/28 v4581 L3 Messages
)
("C:/Program Files/MiKTeX 2.9/tex/latex/l3kernel/l3file.sty"
Package: l3file 2013/10/13 v4596 L3 File and I/O operations
\l_iow_line_count_int=\count286
\l__iow_target_count_int=\count287
\l__iow_current_line_int=\count288
\l__iow_current_word_int=\count289
\l__iow_current_indentation_int=\count290
)
("C:/Program Files/MiKTeX 2.9/tex/latex/l3kernel/l3skip.sty"
Package: l3skip 2013/07/28 v4581 L3 Dimensions and skips
\c_zero_dim=\dimen256
\c_max_dim=\dimen257
\l_tmpa_dim=\dimen258
\l_tmpb_dim=\dimen259
\g_tmpa_dim=\dimen260
\g_tmpb_dim=\dimen261
\c_zero_skip=\skip256
\c_max_skip=\skip257
\l_tmpa_skip=\skip258
\l_tmpb_skip=\skip259
\g_tmpa_skip=\skip260
\g_tmpb_skip=\skip261
\c_zero_muskip=\muskip12
\c_max_muskip=\muskip13
\l_tmpa_muskip=\muskip14
\l_tmpb_muskip=\muskip15
\g_tmpa_muskip=\muskip16
\g_tmpb_muskip=\muskip17
)
("C:/Program Files/MiKTeX 2.9/tex/latex/l3kernel/l3keys.sty"
Package: l3keys 2013/12/08 v4614 L3 Experimental key-value interfaces
\g__keyval_level_int=\count291
\l_keys_choice_int=\count292
)
("C:/Program Files/MiKTeX 2.9/tex/latex/l3kernel/l3fp.sty"
Package: l3fp 2014/01/04 v4642 L3 Floating points
\c__fp_leading_shift_int=\count293
\c__fp_middle_shift_int=\count294
\c__fp_trailing_shift_int=\count295
\c__fp_big_leading_shift_int=\count296
\c__fp_big_middle_shift_int=\count297
\c__fp_big_trailing_shift_int=\count298
\c__fp_Bigg_leading_shift_int=\count299
\c__fp_Bigg_middle_shift_int=\count300
\c__fp_Bigg_trailing_shift_int=\count301
)
("C:/Program Files/MiKTeX 2.9/tex/latex/l3kernel/l3box.sty"
Package: l3box 2013/07/28 v4581 L3 Experimental boxes
\c_empty_box=\box256
\l_tmpa_box=\box257
\l_tmpb_box=\box258
\g_tmpa_box=\box259
\g_tmpb_box=\box260
)
("C:/Program Files/MiKTeX 2.9/tex/latex/l3kernel/l3coffins.sty"
Package: l3coffins 2013/12/14 v4624 L3 Coffin code layer
\l__coffin_internal_box=\box261
\l__coffin_internal_dim=\dimen262
\l__coffin_offset_x_dim=\dimen263
\l__coffin_offset_y_dim=\dimen264
\l__coffin_x_dim=\dimen265
\l__coffin_y_dim=\dimen266
\l__coffin_x_prime_dim=\dimen267
\l__coffin_y_prime_dim=\dimen268
\c_empty_coffin=\box262
\l__coffin_aligned_coffin=\box263
\l__coffin_aligned_internal_coffin=\box264
\l_tmpa_coffin=\box265
\l_tmpb_coffin=\box266
\l__coffin_display_coffin=\box267
\l__coffin_display_coord_coffin=\box268
\l__coffin_display_pole_coffin=\box269
\l__coffin_display_offset_dim=\dimen269
\l__coffin_display_x_dim=\dimen270
\l__coffin_display_y_dim=\dimen271
)
("C:/Program Files/MiKTeX 2.9/tex/latex/l3kernel/l3color.sty"
Package: l3color 2012/08/29 v4156 L3 Experimental color support
)
("C:/Program Files/MiKTeX 2.9/tex/latex/l3kernel/l3luatex.sty"
Package: l3luatex 2013/07/28 v4581 L3 Experimental LuaTeX-specific functions
\g__cctab_allocate_int=\count302
\g__cctab_stack_int=\count303
\c_code_cctab=\catcodetable9
)
("C:/Program Files/MiKTeX 2.9/tex/latex/l3kernel/l3candidates.sty"
Package: l3candidates 2014/01/06 v4643 L3 Experimental additions to l3kernel
\l__box_top_dim=\dimen272
\l__box_bottom_dim=\dimen273
\l__box_left_dim=\dimen274
\l__box_right_dim=\dimen275
\l__box_top_new_dim=\dimen276
\l__box_bottom_new_dim=\dimen277
\l__box_left_new_dim=\dimen278
\l__box_right_new_dim=\dimen279
\l__box_internal_box=\box270
\l__coffin_bounding_shift_dim=\dimen280
\l__coffin_left_corner_dim=\dimen281
\l__coffin_right_corner_dim=\dimen282
\l__coffin_bottom_corner_dim=\dimen283
\l__coffin_top_corner_dim=\dimen284
\l__coffin_scaled_total_height_dim=\dimen285
\l__coffin_scaled_width_dim=\dimen286
))
("C:/Program Files/MiKTeX 2.9/tex/latex/l3packages/xparse/xparse.sty"
Package: xparse 2013/12/31 v4634 L3 Experimental document command parser
\l__xparse_current_arg_int=\count304
\l__xparse_m_args_int=\count305
\l__xparse_mandatory_args_int=\count306
\l__xparse_processor_int=\count307
\l__xparse_v_nesting_int=\count308
)
("C:/Program Files/MiKTeX 2.9/tex/luatex/luaotfload/luaotfload.sty"
Package: luaotfload 2013/07/23 v2.3b OpenType layout system

("C:/Program Files/MiKTeX 2.9/tex/luatex/luatexbase/luatexbase.sty"
Package: luatexbase 2013/05/11 v0.6 Resource management for the LuaTeX macro pro
grammer

("C:/Program Files/MiKTeX 2.9/tex/luatex/luatexbase/luatexbase-compat.sty"
Package: luatexbase-compat 2011/05/24 v0.4 Compatibility tools for LuaTeX
)
("C:/Program Files/MiKTeX 2.9/tex/luatex/luatexbase/luatexbase-modutils.sty"
Package: luatexbase-modutils 2013/05/11 v0.6 Module utilities for LuaTeX

("C:/Program Files/MiKTeX 2.9/tex/luatex/luatexbase/luatexbase-loader.sty"
Package: luatexbase-loader 2013/05/11 v0.6 Lua module loader for LuaTeX

(C:/Program Files/MiKTeX 2.9/tex/luatex/luatexbase/luatexbase.loader.lua))
(C:/Program Files/MiKTeX 2.9/tex/luatex/luatexbase/modutils.lua)
Lua module: luatexbase-modutils 2013/05/11 0.6 Module utilities for LuaTeX
)
("C:/Program Files/MiKTeX 2.9/tex/luatex/luatexbase/luatexbase-regs.sty"
Package: luatexbase-regs 2011/05/24 v0.4 Registers allocation for LuaTeX
)
("C:/Program Files/MiKTeX 2.9/tex/luatex/luatexbase/luatexbase-attr.sty"
Package: luatexbase-attr 2013/05/11 v0.6 Attributes allocation for LuaTeX

(C:/Program Files/MiKTeX 2.9/tex/luatex/luatexbase/attr.lua)
Lua module: luatexbase-attr 2013/05/11 0.6 Attributes allocation for LuaTeX
\lltxb@attr@unsetvalue=\count309
)
("C:/Program Files/MiKTeX 2.9/tex/luatex/luatexbase/luatexbase-cctb.sty"
Package: luatexbase-cctb 2013/05/11 v0.6 Catcodetable allocation for LuaTeX

(C:/Program Files/MiKTeX 2.9/tex/luatex/luatexbase/cctb.lua)
Lua module: luatexbase-cctb 2013/05/11 0.6 Catcodetable allocation for LuaTeX
\lltxb@catcodetable@alloc=\count310
\CatcodeTableStack=\count311
\CatcodeTableIniTeX=\luatexcatcodetable1
\CatcodeTableString=\luatexcatcodetable3
\CatcodeTableOther=\luatexcatcodetable5
\CatcodeTableLaTeX=\luatexcatcodetable7
\CatcodeTableLaTeXAtLetter=\luatexcatcodetable9
\CatcodeTableExpl=\luatexcatcodetable11
)
("C:/Program Files/MiKTeX 2.9/tex/luatex/luatexbase/luatexbase-mcb.sty"
Package: luatexbase-mcb 2013/05/11 v0.6 Callback management for LuaTeX

(C:/Program Files/MiKTeX 2.9/tex/luatex/luatexbase/mcb.lua)
Lua module: luatexbase-mcb 2013/05/11 0.6 register several functions in a callba
ck
))
(C:/Program Files/MiKTeX 2.9/tex/luatex/luaotfload/luaotfload.lua)
Lua module: luaotfload 2013/07/23 2.3002 OpenType layout system.
luaotfload: push namespace for font loader
(C:/Program Files/MiKTeX 2.9/tex/luatex/luaotfload/luaotfload-merged.lua)(using 
cache: C:/Users/Markud/AppData/Local/MiKTeX/2.9/luatex-cache/generic)
luatexbase-attr: luatexbase.attributes["luaotfload@kernpair"] = 1
luatexbase-attr: luatexbase.attributes["luaotfload@ligacomp"] = 2
luatexbase-attr: luatexbase.attributes["luaotfload@markbase"] = 3
luatexbase-attr: luatexbase.attributes["luaotfload@markmark"] = 4
luatexbase-attr: luatexbase.attributes["luaotfload@markdone"] = 5
luatexbase-attr: luatexbase.attributes["luaotfload@cursbase"] = 6
luatexbase-attr: luatexbase.attributes["luaotfload@curscurs"] = 7
luatexbase-attr: luatexbase.attributes["luaotfload@cursdone"] = 8
luatexbase-attr: luatexbase.attributes["luaotfload@state"] = 9
luaotfload: "I am using the merged version of 'luaotfload.lua' here.
luaotfload:  If you run into problems or experience unexpected
luaotfload:  behaviour, and if you have ConTeXt installed you can try
luaotfload:  to delete the file 'luaotfload-merged.lua' as I might
luaotfload:  then use the possibly updated libraries. The merged
luaotfload:  version is not supported as it is a frozen instance.
luaotfload:  Problems can be reported to the ConTeXt mailing list."
luaotfload: pop namespace from font loader -- non-destructive
luaotfload: fontloader loaded in 0.016 seconds
luatexbase-mcb: inserting 'luaotfload.node_processor'
at position 1 in 'pre_linebreak_filter'
luatexbase-mcb: inserting 'luaotfload.node_processor'
at position 1 in 'hpack_filter'
luatexbase-mcb: inserting 'luaotfload.find_vf_file'
at position 1 in 'find_vf_file'
(C:/Program Files/MiKTeX 2.9/tex/luatex/luaotfload/luaotfload-override.lua)
(C:/Program Files/MiKTeX 2.9/tex/luatex/luaotfload/luaotfload-loaders.lua)
(C:/Program Files/MiKTeX 2.9/tex/luatex/luaotfload/luaotfload-database.lua)
luaotfload | db : root cache directory is C:/Users/Markud/AppData/Local/MiKTeX/2
.9/luatex-cache/generic/names/
(C:/Program Files/MiKTeX 2.9/tex/luatex/luaotfload/luaotfload-colors.lua)
luatexbase-mcb: creating 'luaotfload.resolve_font' type 4
luatexbase-mcb: creating 'luaotfload.patch_font' type 4
luatexbase-mcb: resetting callback 'define_font'
luatexbase-mcb: inserting 'luaotfload.define_font'
at position 1 in 'define_font'
(C:/Program Files/MiKTeX 2.9/tex/luatex/luaotfload/luaotfload-features.lua)
(C:/Program Files/MiKTeX 2.9/tex/luatex/luaotfload/luaotfload-extralibs.lua)
(C:/Program Files/MiKTeX 2.9/tex/luatex/luaotfload/luaotfload-typo-krn.lua)
luatexbase-attr: luatexbase.attributes["luaotfload@kern"] = 12
luatexbase-attr: luatexbase.attributes["luaotfload@fontkern"] = 13
(C:/Program Files/MiKTeX 2.9/tex/luatex/luaotfload/luaotfload-letterspace.lua)
(C:/Program Files/MiKTeX 2.9/tex/luatex/luaotfload/luaotfload-auxiliary.lua)
luatexbase-mcb: inserting 'luaotfload.aux.set_sscale_dimens'
at position 1 in 'luaotfload.patch_font'
luatexbase-mcb: inserting 'luaotfload.aux.patch_cambria_domh'
at position 2 in 'luaotfload.patch_font'
luatexbase-mcb: inserting 'luaotfload.aux.set_capheight'
at position 3 in 'luaotfload.patch_font'
luatexbase-mcb: inserting 'luaotfload.rewrite_fontname'
at position 4 in 'luaotfload.patch_font'
luaotfload | aux : start rewriting tfmdata.name field)
(C:/Program Files/MiKTeX 2.9/tex/latex/fontspec/fontspec.lua)
Lua module: fontspec 2013/05/20 2.3c Advanced font selection for LuaLaTeX.
\l_fontspec_script_int=\count312
\l_fontspec_language_int=\count313
\l_fontspec_strnum_int=\count314
\l_fontspec_tmpa_dim=\dimen287
\l_fontspec_tmpb_dim=\dimen288
\l_fontspec_tmpc_dim=\dimen289
Variant \tl_gset:cV already defined; not changing it on line 69

("C:/Program Files/MiKTeX 2.9/tex/latex/fontspec/fontspec-patches.sty"
Package: fontspec-patches 2013/05/20 v2.3c Font selection for XeLaTeX and LuaLaT
eX

("C:/Program Files/MiKTeX 2.9/tex/latex/base/fixltx2e.sty"
Package: fixltx2e 2006/09/13 v1.1m fixes to LaTeX
LaTeX Info: Redefining \em on input line 420.
LaTeX Info: The control sequence `\[' is already robust on input line 471.
LaTeX Info: The control sequence `\]' is already robust on input line 472.
)
LaTeX Info: Redefining \em on input line 22.
LaTeX Info: Redefining \emph on input line 30.
LaTeX Info: Redefining \- on input line 33.

*************************************************
* LaTeX warning: "xparse/redefine-command"
* 
* Redefining document command \oldstylenums with arg. spec. 'm' on line 128.
*************************************************
.................................................
. LaTeX info: "xparse/define-command"
. 
. Defining document command \liningnums with arg. spec. 'm' on line 132.
.................................................
) ("C:/Program Files/MiKTeX 2.9/tex/latex/fontspec/fontspec-luatex.sty"
Package: fontspec-luatex 2013/05/20 v2.3c Font selection for XeLaTeX and LuaLaTe
X

("C:/Program Files/MiKTeX 2.9/tex/latex/base/fontenc.sty"
Package: fontenc 2005/09/27 v1.99g Standard LaTeX package

("C:/Program Files/MiKTeX 2.9/tex/latex/euenc/eu2enc.def"
File: eu2enc.def 2010/05/27 v0.1h Experimental Unicode font encodings
)
LaTeX Font Info:    Try loading font information for EU2+lmr on input line 100.

("C:/Program Files/MiKTeX 2.9/tex/latex/euenc/eu2lmr.fd"
File: eu2lmr.fd 2009/10/30 v1.6 Font defs for Latin Modern
)
luaotfload | load : auto-selecting default features for script: latn
luaotfload | load : no defaults for script "latn", falling back to "dflt"(load l
uc: C:/Users/Markud/AppData/Local/MiKTeX/2.9/luatex-cache/generic/fonts/otf/lmro
man10-regular.luc)) ("C:/Program Files/MiKTeX 2.9/tex/xelatex/xunicode/xunicode
.sty"
File: xunicode.sty 2011/09/09 v0.981 provides access to latin accents and many o
ther characters in Unicode lower plane

("C:/Program Files/MiKTeX 2.9/tex/latex/tipa/t3enc.def"
File: t3enc.def 2001/12/31 T3 encoding
luaotfload | load : auto-selecting default features for script: latn
luaotfload | load : no defaults for script "latn", falling back to "dflt"(load l
uc: C:/Users/Markud/AppData/Local/MiKTeX/2.9/luatex-cache/generic/fonts/otf/lmro
manslant10-regular.luc)
luaotfload | load : auto-selecting default features for script: latn
luaotfload | load : no defaults for script "latn", falling back to "dflt"(load l
uc: C:/Users/Markud/AppData/Local/MiKTeX/2.9/luatex-cache/generic/fonts/otf/lmro
man10-italic.luc)
luaotfload | load : auto-selecting default features for script: latn
luaotfload | load : no defaults for script "latn", falling back to "dflt"(load l
uc: C:/Users/Markud/AppData/Local/MiKTeX/2.9/luatex-cache/generic/fonts/otf/lmro
man10-bold.luc)
LaTeX Font Info:    Try loading font information for EU2+lmss on input line 357.


("C:/Program Files/MiKTeX 2.9/tex/latex/euenc/eu2lmss.fd"
File: eu2lmss.fd 2009/10/30 v1.6 Font defs for Latin Modern
)
luaotfload | load : auto-selecting default features for script: latn
luaotfload | load : no defaults for script "latn", falling back to "dflt"(load l
uc: C:/Users/Markud/AppData/Local/MiKTeX/2.9/luatex-cache/generic/fonts/otf/lmsa
ns10-regular.luc))
\tipaTiiicode=\count315
\tipasavetokens=\toks25
\tipachecktokens=\toks26
)
.................................................
. LaTeX info: "xparse/define-command"
. 
. Defining document command \fontspec with arg. spec. 'O{}m' on line 44.
.................................................
.................................................
. LaTeX info: "xparse/define-command"
. 
. Defining document command \setmainfont with arg. spec. 'O{}m' on line 49.
.................................................
.................................................
. LaTeX info: "xparse/define-command"
. 
. Defining document command \setsansfont with arg. spec. 'O{}m' on line 54.
.................................................
.................................................
. LaTeX info: "xparse/define-command"
. 
. Defining document command \setmonofont with arg. spec. 'O{}m' on line 59.
.................................................
.................................................
. LaTeX info: "xparse/define-command"
. 
. Defining document command \setmathrm with arg. spec. 'O{}m' on line 68.
.................................................
.................................................
. LaTeX info: "xparse/define-command"
. 
. Defining document command \setboldmathrm with arg. spec. 'O{}m' on line 72.
.................................................
.................................................
. LaTeX info: "xparse/define-command"
. 
. Defining document command \setmathsf with arg. spec. 'O{}m' on line 76.
.................................................
.................................................
. LaTeX info: "xparse/define-command"
. 
. Defining document command \setmathtt with arg. spec. 'O{}m' on line 80.
.................................................
.................................................
. LaTeX info: "xparse/define-command"
. 
. Defining document command \newfontfamily with arg. spec. 'mO{}m' on line 99.
.................................................
.................................................
. LaTeX info: "xparse/define-command"
. 
. Defining document command \newfontface with arg. spec. 'mO{}m' on line 103.
.................................................
.................................................
. LaTeX info: "xparse/define-command"
. 
. Defining document command \defaultfontfeatures with arg. spec. 'om' on line
. 111.
.................................................
.................................................
. LaTeX info: "xparse/define-command"
. 
. Defining document command \addfontfeatures with arg. spec. 'm' on line 147.
.................................................
.................................................
. LaTeX info: "xparse/define-command"
. 
. Defining document command \newfontfeature with arg. spec. 'mm' on line 159.
.................................................
.................................................
. LaTeX info: "xparse/define-command"
. 
. Defining document command \newAATfeature with arg. spec. 'mmmm' on line 167.
.................................................
.................................................
. LaTeX info: "xparse/define-command"
. 
. Defining document command \newICUfeature with arg. spec. 'mmm' on line 175.
.................................................
.................................................
. LaTeX info: "xparse/define-command"
. 
. Defining document command \aliasfontfeature with arg. spec. 'mm' on line
. 204.
.................................................
.................................................
. LaTeX info: "xparse/define-command"
. 
. Defining document command \aliasfontfeatureoption with arg. spec. 'mmm' on
. line 206.
.................................................
.................................................
. LaTeX info: "xparse/define-command"
. 
. Defining document command \newfontscript with arg. spec. 'mm' on line 211.
.................................................
.................................................
. LaTeX info: "xparse/define-command"
. 
. Defining document command \newfontlanguage with arg. spec. 'mm' on line 238.
.................................................
.................................................
. LaTeX info: "xparse/define-command"
. 
. Defining document command \DeclareFontsExtensions with arg. spec. 'm' on
. line 259.
.................................................
Variant \prop_gput:cnV already defined; not changing it on line 586
Variant \prop_gput:cnx already defined; not changing it on line 587
\l_fontspec_tmp_int=\count316
LaTeX Info: Redefining \itshape on input line 2008.
LaTeX Info: Redefining \slshape on input line 2013.
LaTeX Info: Redefining \scshape on input line 2018.
LaTeX Info: Redefining \upshape on input line 2023.
 ("C:/Program Files/MiKTeX 2.9/tex/latex/fontspec/fontspec.cfg")))
("C:/Program Files/MiKTeX 2.9/tex/latex/wrapfig/wrapfig.sty"
\wrapoverhang=\dimen290
\WF@size=\dimen291
\c@WF@wrappedlines=\count317
\WF@box=\box271
\WF@everypar=\toks27
Package: wrapfig 2003/01/31  v 3.6
)
("C:/Program Files/MiKTeX 2.9/tex/latex/placeins/placeins.sty"
Package: placeins 2005/04/18  v 2.2
))
("C:/Users/Markud/Documents/Bachelor Arbeit/BachelorArbeit/BachelorArbeit/Bache
lorArbeit.aux")
LaTeX Font Info:    Checking defaults for OML/cmm/m/it on input line 3.
LaTeX Font Info:    ... okay on input line 3.
LaTeX Font Info:    Checking defaults for T1/cmr/m/n on input line 3.
LaTeX Font Info:    ... okay on input line 3.
LaTeX Font Info:    Checking defaults for OT1/cmr/m/n on input line 3.
LaTeX Font Info:    ... okay on input line 3.
LaTeX Font Info:    Checking defaults for OMS/cmsy/m/n on input line 3.
LaTeX Font Info:    ... okay on input line 3.
LaTeX Font Info:    Checking defaults for OMX/cmex/m/n on input line 3.
LaTeX Font Info:    ... okay on input line 3.
LaTeX Font Info:    Checking defaults for U/cmr/m/n on input line 3.
LaTeX Font Info:    ... okay on input line 3.
LaTeX Font Info:    Checking defaults for PD1/pdf/m/n on input line 3.
LaTeX Font Info:    ... okay on input line 3.
LaTeX Font Info:    Checking defaults for EU2/lmr/m/n on input line 3.
LaTeX Font Info:    ... okay on input line 3.
LaTeX Font Info:    Checking defaults for T3/cmr/m/n on input line 3.
LaTeX Font Info:    Try loading font information for T3+cmr on input line 3.
 ("C:/Program Files/MiKTeX 2.9/tex/latex/tipa/t3cmr.fd"
File: t3cmr.fd 2001/12/31 TIPA font definitions
)
LaTeX Font Info:    ... okay on input line 3.
luaotfload | load : auto-selecting default features for script: latn
luaotfload | load : no defaults for script "latn", falling back to "dflt"
("C:/Program Files/MiKTeX 2.9/tex/context/base/supp-pdf.mkii"
[Loading MPS to PDF converter (version 2006.09.02).]
\scratchcounter=\count318
\scratchdimen=\dimen292
\scratchbox=\box272
\nofMPsegments=\count319
\nofMParguments=\count320
\everyMPshowfont=\toks28
\MPscratchCnt=\count321
\MPscratchDim=\dimen293
\MPnumerator=\count322
\makeMPintoPDFobject=\count323
\everyMPtoPDFconversion=\toks29
)
\AtBeginShipoutBox=\box273
Package hyperref Info: Link coloring OFF on input line 3.
 ("C:/Program Files/MiKTeX 2.9/tex/latex/hyperref/nameref.sty"
Package: nameref 2012/10/27 v2.43 Cross-referencing by name of section

("C:/Program Files/MiKTeX 2.9/tex/generic/oberdiek/gettitlestring.sty"
Package: gettitlestring 2010/12/03 v1.4 Cleanup title references (HO)
)
\c@section@level=\count324
)
LaTeX Info: Redefining \ref on input line 3.
LaTeX Info: Redefining \pageref on input line 3.
LaTeX Info: Redefining \nameref on input line 3.

("C:/Users/Markud/Documents/Bachelor Arbeit/BachelorArbeit/BachelorArbeit/Bache
lorArbeit.out")
("C:/Users/Markud/Documents/Bachelor Arbeit/BachelorArbeit/BachelorArbeit/Bache
lorArbeit.out")
\@outlinefile=\write3
.................................................
. fontspec info: "setup-math"
. 
. Adjusting the maths setup (use [no-math] to avoid this).
.................................................
\symlegacymaths=\mathgroup7
LaTeX Font Info:    Overwriting symbol font `legacymaths' in version `bold'
(Font)                  OT1/cmr/m/n --> OT1/cmr/bx/n on input line 3.
LaTeX Font Info:    Redeclaring math accent \acute on input line 3.
LaTeX Font Info:    Redeclaring math accent \grave on input line 3.
LaTeX Font Info:    Redeclaring math accent \ddot on input line 3.
LaTeX Font Info:    Redeclaring math accent \tilde on input line 3.
LaTeX Font Info:    Redeclaring math accent \bar on input line 3.
LaTeX Font Info:    Redeclaring math accent \breve on input line 3.
LaTeX Font Info:    Redeclaring math accent \check on input line 3.
LaTeX Font Info:    Redeclaring math accent \hat on input line 3.
LaTeX Font Info:    Redeclaring math accent \dot on input line 3.
LaTeX Font Info:    Redeclaring math accent \mathring on input line 3.
LaTeX Font Info:    Redeclaring math symbol \Gamma on input line 3.
LaTeX Font Info:    Redeclaring math symbol \Delta on input line 3.
LaTeX Font Info:    Redeclaring math symbol \Theta on input line 3.
LaTeX Font Info:    Redeclaring math symbol \Lambda on input line 3.
LaTeX Font Info:    Redeclaring math symbol \Xi on input line 3.
LaTeX Font Info:    Redeclaring math symbol \Pi on input line 3.
LaTeX Font Info:    Redeclaring math symbol \Sigma on input line 3.
LaTeX Font Info:    Redeclaring math symbol \Upsilon on input line 3.
LaTeX Font Info:    Redeclaring math symbol \Phi on input line 3.
LaTeX Font Info:    Redeclaring math symbol \Psi on input line 3.
LaTeX Font Info:    Redeclaring math symbol \Omega on input line 3.
LaTeX Font Info:    Redeclaring math symbol \mathdollar on input line 3.
LaTeX Font Info:    Redeclaring symbol font `operators' on input line 3.
LaTeX Font Info:    Encoding `OT1' has changed to `EU2' for symbol font
(Font)              `operators' in the math version `normal' on input line 3.
LaTeX Font Info:    Overwriting symbol font `operators' in version `normal'
(Font)                  OT1/cmr/m/n --> EU2/lmr/m/n on input line 3.
LaTeX Font Info:    Encoding `OT1' has changed to `EU2' for symbol font
(Font)              `operators' in the math version `bold' on input line 3.
LaTeX Font Info:    Overwriting symbol font `operators' in version `bold'
(Font)                  OT1/cmr/bx/n --> EU2/lmr/m/n on input line 3.
LaTeX Font Info:    Overwriting symbol font `operators' in version `normal'
(Font)                  EU2/lmr/m/n --> EU2/lmr/m/n on input line 3.
LaTeX Font Info:    Overwriting math alphabet `\mathrm' in version `normal'
(Font)                  EU2/lmr/m/n --> EU2/lmr/m/n on input line 3.
LaTeX Font Info:    Overwriting math alphabet `\mathit' in version `normal'
(Font)                  OT1/cmr/m/it --> EU2/lmr/m/it on input line 3.
LaTeX Font Info:    Overwriting math alphabet `\mathbf' in version `normal'
(Font)                  OT1/cmr/bx/n --> EU2/lmr/bx/n on input line 3.
LaTeX Font Info:    Overwriting math alphabet `\mathsf' in version `normal'
(Font)                  OT1/cmss/m/n --> EU2/lmss/m/n on input line 3.
LaTeX Font Info:    Overwriting math alphabet `\mathtt' in version `normal'
(Font)                  OT1/cmtt/m/n --> EU2/lmtt/m/n on input line 3.
LaTeX Font Info:    Overwriting symbol font `operators' in version `bold'
(Font)                  EU2/lmr/m/n --> EU2/lmr/bx/n on input line 3.
LaTeX Font Info:    Overwriting math alphabet `\mathrm' in version `bold'
(Font)                  EU2/lmr/m/n --> EU2/lmr/bx/n on input line 3.
LaTeX Font Info:    Overwriting math alphabet `\mathit' in version `bold'
(Font)                  OT1/cmr/bx/it --> EU2/lmr/bx/it on input line 3.
LaTeX Font Info:    Overwriting math alphabet `\mathsf' in version `bold'
(Font)                  OT1/cmss/bx/n --> EU2/lmss/bx/n on input line 3.
LaTeX Font Info:    Overwriting math alphabet `\mathtt' in version `bold'
(Font)                  OT1/cmtt/m/n --> EU2/lmtt/bx/n on input line 3.
luaotfload | load : auto-selecting default features for script: latn
luaotfload | load : no defaults for script "latn", falling back to "dflt"(load l
uc: C:/Users/Markud/AppData/Local/MiKTeX/2.9/luatex-cache/generic/fonts/otf/lmro
man17-regular.luc)
luaotfload | load : auto-selecting default features for script: latn
luaotfload | load : no defaults for script "latn", falling back to "dflt"(load l
uc: C:/Users/Markud/AppData/Local/MiKTeX/2.9/luatex-cache/generic/fonts/otf/lmro
man12-bold.luc)
luaotfload | load : auto-selecting default features for script: latn
luaotfload | load : no defaults for script "latn", falling back to "dflt"(load l
uc: C:/Users/Markud/AppData/Local/MiKTeX/2.9/luatex-cache/generic/fonts/otf/lmro
man12-regular.luc) [1

{C:/Users/Markud/AppData/Local/MiKTeX/2.9/pdftex/config/pdftex.map}]
[2]
("C:/Users/Markud/Documents/Bachelor Arbeit/BachelorArbeit/BachelorArbeit/Kapit
el/Kurzfassung.tex"
luaotfload | load : auto-selecting default features for script: latn
luaotfload | load : no defaults for script "latn", falling back to "dflt"
luaotfload | load : auto-selecting default features for script: latn
luaotfload | load : no defaults for script "latn", falling back to "dflt") [3]
("C:/Users/Markud/Documents/Bachelor Arbeit/BachelorArbeit/BachelorArbeit/Bache
lorArbeit.toc"
luaotfload | load : auto-selecting default features for script: latn
luaotfload | load : no defaults for script "latn", falling back to "dflt"
luaotfload | load : auto-selecting default features for script: latn
luaotfload | load : no defaults for script "latn", falling back to "dflt"(load l
uc: C:/Users/Markud/AppData/Local/MiKTeX/2.9/luatex-cache/generic/fonts/otf/lmro
man8-regular.luc)
luaotfload | load : auto-selecting default features for script: latn
luaotfload | load : no defaults for script "latn", falling back to "dflt"(load l
uc: C:/Users/Markud/AppData/Local/MiKTeX/2.9/luatex-cache/generic/fonts/otf/lmro
man6-regular.luc)
luaotfload | load : auto-selecting default features for script: dflt
luaotfload | load : auto-selecting default features for script: dflt
luaotfload | load : auto-selecting default features for script: dflt
luaotfload | load : auto-selecting default features for script: dflt
luaotfload | load : auto-selecting default features for script: dflt
luaotfload | load : auto-selecting default features for script: dflt
luaotfload | load : auto-selecting default features for script: dflt
luaotfload | load : auto-selecting default features for script: dflt
luaotfload | load : auto-selecting default features for script: dflt
LaTeX Font Info:    Try loading font information for U+msa on input line 6.

("C:/Program Files/MiKTeX 2.9/tex/latex/amsfonts/umsa.fd"
File: umsa.fd 2013/01/14 v3.01 AMS symbols A
)
luaotfload | load : auto-selecting default features for script: dflt
luaotfload | load : auto-selecting default features for script: dflt
luaotfload | load : auto-selecting default features for script: dflt
LaTeX Font Info:    Try loading font information for U+msb on input line 6.

("C:/Program Files/MiKTeX 2.9/tex/latex/amsfonts/umsb.fd"
File: umsb.fd 2013/01/14 v3.01 AMS symbols B
)
luaotfload | load : auto-selecting default features for script: dflt
luaotfload | load : auto-selecting default features for script: dflt
luaotfload | load : auto-selecting default features for script: dflt
luaotfload | load : auto-selecting default features for script: dflt
luaotfload | load : auto-selecting default features for script: dflt
luaotfload | load : auto-selecting default features for script: dflt
luaotfload | load : auto-selecting default features for script: dflt
luaotfload | load : auto-selecting default features for script: dflt)
\tf@toc=\write4
 [4

]
("C:/Users/Markud/Documents/Bachelor Arbeit/BachelorArbeit/BachelorArbeit/Bache
lorArbeit.lof")
\tf@lof=\write5
 [5

]
("C:/Users/Markud/Documents/Bachelor Arbeit/BachelorArbeit/BachelorArbeit/Bache
lorArbeit.lot")
\tf@lot=\write6
 [6

]
("C:/Users/Markud/Documents/Bachelor Arbeit/BachelorArbeit/BachelorArbeit/Kapit
el/Einleitung.tex"
Kapitel 1.
luaotfload | load : auto-selecting default features for script: latn
luaotfload | load : no defaults for script "latn", falling back to "dflt"
luaotfload | load : auto-selecting default features for script: latn
luaotfload | load : no defaults for script "latn", falling back to "dflt"
Underfull \hbox (badness 10000) in paragraph at lines 4--6

 []

<Abbildungen/sepi.jpg, id=180, 602.25pt x 401.5pt>
File: Abbildungen/sepi.jpg Graphic file (type jpg)
 <use Abbildungen/sepi.jpg>
Package pdftex.def Info: Abbildungen/sepi.jpg used on input line 11.
(pdftex.def)             Requested size: 142.26378pt x 94.84262pt.


LaTeX Warning: Citation `old_struc' on page 1 undefined on input line 16.


LaTeX Warning: Citation `new_struc' on page 1 undefined on input line 16.


Underfull \hbox (badness 10000) in paragraph at lines 15--18

 []

) [1

 <C:/Users/Markud/Documents/Bachelor Arbeit/BachelorArbeit/BachelorArbeit/Abbild
ungen/sepi.jpg>]
Kapitel 2.

("C:/Users/Markud/Documents/Bachelor Arbeit/BachelorArbeit/BachelorArbeit/Kapit
el/Haemocyanin.tex"
<Abbildungen/sequenz2.png, id=195, 299.1978pt x 147.4308pt>
File: Abbildungen/sequenz2.png Graphic file (type png)

<use Abbildungen/sequenz2.png>
Package pdftex.def Info: Abbildungen/sequenz2.png used on input line 5.
(pdftex.def)             Requested size: 353.39273pt x 174.14005pt.

Underfull \hbox (badness 1009) in paragraph at lines 6--6
[][]\EU2/lmr/bx/n/10 Ab-bil-dung 2.1: []Oben links: \EU2/lmr/m/n/10 Po-stu-lier
-te Ar-chi-tek-tur der äu-ße-ren Wand ei-nes \EU2/lmr/m/it/10 Ok-to-
 []

[2

])
("C:/Users/Markud/Documents/Bachelor Arbeit/BachelorArbeit/BachelorArbeit/Kapit
el/Mikroskopie.tex"
luaotfload | load : auto-selecting default features for script: latn
luaotfload | load : no defaults for script "latn", falling back to "dflt" [3 <C:
/Users/Markud/Documents/Bachelor Arbeit/BachelorArbeit/BachelorArbeit/Abbildunge
n/sequenz2.png>]
<Abbildungen/TEM.png, id=220, 335.75438pt x 505.13719pt>
File: Abbildungen/TEM.png Graphic file (type png)

<use Abbildungen/TEM.png>
Package pdftex.def Info: Abbildungen/TEM.png used on input line 22.
(pdftex.def)             Requested size: 199.16928pt x 299.64699pt.

Underfull \hbox (badness 10000) in paragraph at lines 23--23
[][]\EU2/lmr/bx/n/10 Ab-bil-dung 2.2: []\EU2/lmr/m/n/10 Schematische Auf-bau
 []


Underfull \hbox (badness 10000) in paragraph at lines 23--23
\EU2/lmr/m/n/10 ei-nes Trans-mis-si-ons-elek-tro-nen-mi-kro-skops.
 []

[4 <C:/Users/Markud/Documents/Bachelor Arbeit/BachelorArbeit/BachelorArbeit/Abbi
ldungen/TEM.png>] <Abbildungen/KTF.png, id=234, 775.39688pt x 194.97844pt>
File: Abbildungen/KTF.png Graphic file (type png)

<use Abbildungen/KTF.png>
Package pdftex.def Info: Abbildungen/KTF.png used on input line 66.
(pdftex.def)             Requested size: 398.33858pt x 100.16658pt.
 [5 <C:/Users/Markud/Documents/Bachelor Arbeit/BachelorArbeit/BachelorArbeit/Abb
ildungen/KTF.png>])
("C:/Users/Markud/Documents/Bachelor Arbeit/BachelorArbeit/BachelorArbeit/Kapit
el/Messvorbereitungen_stain.tex" [6])
("C:/Users/Markud/Documents/Bachelor Arbeit/BachelorArbeit/BachelorArbeit/Kapit
el/Messvorbereitungen_kryo.tex" [7]) [8]
Kapitel 3.

("C:/Users/Markud/Documents/Bachelor Arbeit/BachelorArbeit/BachelorArbeit/Kapit
el/Computer.tex" <Abbildungen/analyse.png, id=291, 377.0085pt x 135.6267pt>
File: Abbildungen/analyse.png Graphic file (type png)

<use Abbildungen/analyse.png>
Package pdftex.def Info: Abbildungen/analyse.png used on input line 2.
(pdftex.def)             Requested size: 398.34425pt x 142.26321pt.
 [9

 <C:/Users/Markud/Documents/Bachelor Arbeit/BachelorArbeit/BachelorArbeit/Abbild
ungen/analyse.png>]
Overfull \hbox (6.69229pt too wide) in paragraph at lines 32--34
[][]\EU2/lmr/bx/n/10.95 Ex-trak-ti-on der Par-ti-kel: \EU2/lmr/m/n/10.95 Aus-wa
hl der Par-ti-kel aus den Bil-dern (\EU2/lmr/m/it/10.95 particle picking\EU2/lm
r/m/n/10.95 );
 []


Overfull \hbox (9.97368pt too wide) in paragraph at lines 34--36
\EU2/lmr/m/n/10.95 (\EU2/lmr/m/it/10.95 alignment\EU2/lmr/m/n/10.95 ); Zu-ord-n
ung der Par-ti-kel in ver-schie-de-ne Klas-sen; Aus-sor-tie-rung schlech-
 []

)
("C:/Users/Markud/Documents/Bachelor Arbeit/BachelorArbeit/BachelorArbeit/Kapit
el/Bildbearbeitung.tex" [10])
("C:/Users/Markud/Documents/Bachelor Arbeit/BachelorArbeit/BachelorArbeit/Kapit
el/Extraktion.tex")
("C:/Users/Markud/Documents/Bachelor Arbeit/BachelorArbeit/BachelorArbeit/Kapit
el/Klassifizierung.tex"
luaotfload | load : auto-selecting default features for script: latn
luaotfload | load : no defaults for script "latn", falling back to "dflt"(load l
uc: C:/Users/Markud/AppData/Local/MiKTeX/2.9/luatex-cache/generic/fonts/otf/lmro
man10-bolditalic.luc)
Underfull \hbox (badness 10000) in paragraph at lines 4--36

 []


Underfull \hbox (badness 10000) in paragraph at lines 4--36

 []


Underfull \hbox (badness 10000) in paragraph at lines 4--36

 []


Underfull \hbox (badness 10000) in paragraph at lines 4--36

 []

[11])
("C:/Users/Markud/Documents/Bachelor Arbeit/BachelorArbeit/BachelorArbeit/Kapit
el/Rekonstruktion.tex" [12])
("C:/Users/Markud/Documents/Bachelor Arbeit/BachelorArbeit/BachelorArbeit/Kapit
el/Aufloesung.tex"
Underfull \hbox (badness 10000) in paragraph at lines 4--39

 []


Underfull \hbox (badness 10000) in paragraph at lines 4--39

 []


Underfull \hbox (badness 10000) in paragraph at lines 4--39

 []


Underfull \hbox (badness 10000) in paragraph at lines 4--39

 []


Underfull \hbox (badness 10000) in paragraph at lines 4--39

 []

[13]) [14]
Kapitel 4.

("C:/Users/Markud/Documents/Bachelor Arbeit/BachelorArbeit/BachelorArbeit/Kapit
el/Ergebnisse_negativ.tex"
<Abbildungen/stain2.png, id=355, 1535.7375pt x 447.17062pt>
File: Abbildungen/stain2.png Graphic file (type png)

<use Abbildungen/stain2.png>
Package pdftex.def Info: Abbildungen/stain2.png used on input line 18.
(pdftex.def)             Requested size: 398.32156pt x 142.26508pt.
 [15

 <C:/Users/Markud/Documents/Bachelor Arbeit/BachelorArbeit/BachelorArbeit/Abbild
ungen/stain2.png>])
("C:/Users/Markud/Documents/Bachelor Arbeit/BachelorArbeit/BachelorArbeit/Kapit
el/Ergebnisse_kryo.tex"
<Abbildungen/pdb2.png, id=365, 307.1475pt x 327.47343pt>
File: Abbildungen/pdb2.png Graphic file (type png)

<use Abbildungen/pdb2.png>
Package pdftex.def Info: Abbildungen/pdb2.png used on input line 20.
(pdftex.def)             Requested size: 82.51172pt x 87.96928pt.

Underfull \hbox (badness 7362) in paragraph at lines 21--21
[][]\EU2/lmr/bx/n/10 Ab-bil-dung 4.2:
 []


Underfull \hbox (badness 10000) in paragraph at lines 21--21
[]\EU2/lmr/m/n/10 Verwendete PDB
 []


Underfull \hbox (badness 10000) in paragraph at lines 21--21
\EU2/lmr/m/n/10 Struk-tur 1JS8
 []


Underfull \hbox (badness 10000) in paragraph at lines 21--21
\EU2/lmr/m/n/10 ei-nes \EU2/lmr/m/it/10 Ok-to-
 []


Underfull \hbox (badness 10000) in paragraph at lines 21--21
\EU2/lmr/m/it/10 pus\EU2/lmr/m/n/10 -Hämocyanins
 []


Underfull \hbox (badness 10000) in paragraph at lines 7--23

 []


Underfull \hbox (badness 10000) in paragraph at lines 7--23

 []


Underfull \hbox (badness 10000) in paragraph at lines 7--23

 []

<Abbildungen/kryo.png, id=372, 1388.93906pt x 431.36156pt>
File: Abbildungen/kryo.png Graphic file (type png)

<use Abbildungen/kryo.png>
Package pdftex.def Info: Abbildungen/kryo.png used on input line 45.
(pdftex.def)             Requested size: 398.33138pt x 142.2576pt.

Underfull \hbox (badness 10000) in paragraph at lines 23--55

 []


Underfull \hbox (badness 10000) in paragraph at lines 23--55

 []


Underfull \hbox (badness 10000) in paragraph at lines 23--55

 []

[16 <C:/Users/Markud/Documents/Bachelor Arbeit/BachelorArbeit/BachelorArbeit/Abb
ildungen/pdb2.png>])
("C:/Users/Markud/Documents/Bachelor Arbeit/BachelorArbeit/BachelorArbeit/Kapit
el/Symmetrie.tex" <Abbildungen/sym_schem.png, id=382, 372.9132pt x 171.7617pt>
File: Abbildungen/sym_schem.png Graphic file (type png)

<use Abbildungen/sym_schem.png>
Package pdftex.def Info: Abbildungen/sym_schem.png used on input line 5.
(pdftex.def)             Requested size: 398.34172pt x 170.72603pt.
 [17 <C:/Users/Markud/Documents/Bachelor Arbeit/BachelorArbeit/BachelorArbeit/Ab
bildungen/kryo.png>]
<Abbildungen/inner_outer.png, id=390, 3011.25pt x 2162.0775pt>
File: Abbildungen/inner_outer.png Graphic file (type png)

<use Abbildungen/inner_outer.png>
Package pdftex.def Info: Abbildungen/inner_outer.png used on input line 29.
(pdftex.def)             Requested size: 82.51172pt x 59.21812pt.

Underfull \hbox (badness 7362) in paragraph at lines 30--30
[][]\EU2/lmr/bx/n/10 Ab-bil-dung 4.5:
 []


Underfull \hbox (badness 10000) in paragraph at lines 30--30
[]\EU2/lmr/m/n/10 Orange: In-ne-rer
 []


Underfull \hbox (badness 10000) in paragraph at lines 30--30
\EU2/lmr/m/n/10 Kra-gen; Blau:
 []


Underfull \hbox (badness 10000) in paragraph at lines 24--32

 []


Underfull \hbox (badness 10000) in paragraph at lines 24--32

 []


Underfull \hbox (badness 10000) in paragraph at lines 43--52

 []

[18 <C:/Users/Markud/Documents/Bachelor Arbeit/BachelorArbeit/BachelorArbeit/Abb
ildungen/sym_schem.png> <C:/Users/Markud/Documents/Bachelor Arbeit/BachelorArbei
t/BachelorArbeit/Abbildungen/inner_outer.png>]
Underfull \hbox (badness 10000) in paragraph at lines 62--76

 []

[19] <Abbildungen/symmetrie.png, id=407, 3011.25pt x 2162.0775pt>
File: Abbildungen/symmetrie.png Graphic file (type png)

<use Abbildungen/symmetrie.png>
Package pdftex.def Info: Abbildungen/symmetrie.png used on input line 88.
(pdftex.def)             Requested size: 82.51172pt x 59.21812pt.
luaotfload | load : auto-selecting default features for script: latn
luaotfload | load : no defaults for script "latn", falling back to "dflt"(load l
uc: C:/Users/Markud/AppData/Local/MiKTeX/2.9/luatex-cache/generic/fonts/otf/lmro
man7-regular.luc)
luaotfload | load : auto-selecting default features for script: latn
luaotfload | load : no defaults for script "latn", falling back to "dflt"(load l
uc: C:/Users/Markud/AppData/Local/MiKTeX/2.9/luatex-cache/generic/fonts/otf/lmro
man5-regular.luc)
luaotfload | load : auto-selecting default features for script: dflt
luaotfload | load : auto-selecting default features for script: dflt
luaotfload | load : auto-selecting default features for script: dflt
luaotfload | load : auto-selecting default features for script: dflt
luaotfload | load : auto-selecting default features for script: dflt
luaotfload | load : auto-selecting default features for script: dflt
luaotfload | load : auto-selecting default features for script: dflt
luaotfload | load : auto-selecting default features for script: dflt
luaotfload | load : auto-selecting default features for script: dflt
luaotfload | load : auto-selecting default features for script: dflt
luaotfload | load : auto-selecting default features for script: dflt
luaotfload | load : auto-selecting default features for script: dflt
luaotfload | load : auto-selecting default features for script: dflt
luaotfload | load : auto-selecting default features for script: dflt
luaotfload | load : auto-selecting default features for script: dflt
luaotfload | load : auto-selecting default features for script: dflt
luaotfload | load : auto-selecting default features for script: dflt
luaotfload | load : auto-selecting default features for script: dflt
luaotfload | load : auto-selecting default features for script: dflt
luaotfload | load : auto-selecting default features for script: dflt
luaotfload | load : auto-selecting default features for script: dflt
Underfull \hbox (badness 7362) in paragraph at lines 89--89
[][]\EU2/lmr/bx/n/10 Ab-bil-dung 4.6:
 []


Underfull \hbox (badness 10000) in paragraph at lines 89--89
[]\EU2/lmr/m/n/10 Blau: Äu-ße-re
 []


Underfull \hbox (badness 10000) in paragraph at lines 89--89
\EU2/lmr/m/n/10 Wand mit $\OML/cmm/m/it/10 C\OT1/cmr/m/n/10 5$
 []


Underfull \hbox (badness 10000) in paragraph at lines 89--89
\EU2/lmr/m/n/10 Sym-me-trie; Rot:
 []


Underfull \hbox (badness 10000) in paragraph at lines 89--89
\EU2/lmr/m/n/10 In-ne-rer Kra-gen
 []


Underfull \hbox (badness 4699) in paragraph at lines 89--89
\EU2/lmr/m/n/10 mit $\OML/cmm/m/it/10 D\OT1/cmr/m/n/10 1$ \EU2/lmr/m/n/10 Sym-m
e-
 []


Underfull \hbox (badness 10000) in paragraph at lines 89--89
\EU2/lmr/m/n/10 trie; Hell-blau:
 []


Underfull \hbox (badness 10000) in paragraph at lines 89--89
\EU2/lmr/m/n/10 In-ne-rer Be-reich
 []


Underfull \hbox (badness 10000) in paragraph at lines 82--91

 []

)
("C:/Users/Markud/Documents/Bachelor Arbeit/BachelorArbeit/BachelorArbeit/Kapit
el/Struktur.tex" <Abbildungen/aussen.png, id=412, 198.0198pt x 258.7266pt>
File: Abbildungen/aussen.png Graphic file (type png)

<use Abbildungen/aussen.png>
Package pdftex.def Info: Abbildungen/aussen.png used on input line 17.
(pdftex.def)             Requested size: 142.26378pt x 185.88031pt.

Underfull \hbox (badness 1622) in paragraph at lines 18--18
\EU2/lmr/m/n/10 her-vor-ge-ho-ben ist ei-ner der fünf
 []

<Abbildungen/innen2.png, id=414, 886.06032pt x 672.26157pt>
File: Abbildungen/innen2.png Graphic file (type png)

<use Abbildungen/innen2.png>
Package pdftex.def Info: Abbildungen/innen2.png used on input line 21.
(pdftex.def)             Requested size: 142.26378pt x 107.93332pt.

Underfull \hbox (badness 10000) in paragraph at lines 3--24

 []

[20 <C:/Users/Markud/Documents/Bachelor Arbeit/BachelorArbeit/BachelorArbeit/Abb
ildungen/symmetrie.png>]
<Abbildungen/Konformer2.png, id=422, 529.98pt x 566.3559pt>
File: Abbildungen/Konformer2.png Graphic file (type png)

<use Abbildungen/Konformer2.png>
Package pdftex.def Info: Abbildungen/Konformer2.png used on input line 33.
(pdftex.def)             Requested size: 398.33858pt x 425.68192pt.
)
("C:/Users/Markud/Documents/Bachelor Arbeit/BachelorArbeit/BachelorArbeit/Kapit
el/Zusammenfassung.tex"
Underfull \hbox (badness 1038) in paragraph at lines 26--1
[][]\EU2/lmr/m/n/10.95 Die-se Ver-bin-dun-gen (\EU2/lmr/m/it/10.95 linker\EU2/l
mr/m/n/10.95 ) ha-ben ei-ne de-
 []


Underfull \hbox (badness 1990) in paragraph at lines 26--1
\EU2/lmr/m/n/10.95 fi-nier-te Län-ge, wes-halb nicht al-le Kom-bi-na-tio-
 []


Underfull \hbox (badness 2913) in paragraph at lines 26--1
\EU2/lmr/m/n/10.95 nen von FE in je-dem Pro-te-in mög-lich sind.
 []


Underfull \hbox (badness 2452) in paragraph at lines 26--1
\EU2/lmr/m/n/10.95 Die An-ord-nung der FE-g und FE-d’ sind in
 []


Underfull \hbox (badness 1448) in paragraph at lines 26--1
\EU2/lmr/m/n/10.95 Ab-bil-dung []4.8[] dar-ge-stellt. Es ist zu er-ken-nen,
 []


Underfull \hbox (badness 2368) in paragraph at lines 26--1
\EU2/lmr/m/n/10.95 tur zu ei-nem Di-mer zu-sam-men-schlie-ßen, wäh-
 []


Underfull \hbox (badness 1242) in paragraph at lines 26--1
\EU2/lmr/m/n/10.95 rend die FE-d’ in den Lücken da-zwi-schen lie-
 []


Underfull \hbox (badness 10000) in paragraph at lines 26--1

 []


LaTeX Warning: `!h' float specifier changed to `!ht'.

[21 <C:/Users/Markud/Documents/Bachelor Arbeit/BachelorArbeit/BachelorArbeit/Abb
ildungen/aussen.png> <C:/Users/Markud/Documents/Bachelor Arbeit/BachelorArbeit/B
achelorArbeit/Abbildungen/innen2.png>] [22 <C:/Users/Markud/Documents/Bachelor A
rbeit/BachelorArbeit/BachelorArbeit/Abbildungen/Konformer2.png>]
Kapitel 5.

LaTeX Warning: Citation `bla' on page 23 undefined on input line 9.


LaTeX Warning: Citation `blubb' on page 23 undefined on input line 9.


Underfull \hbox (badness 10000) in paragraph at lines 3--10

 []


LaTeX Warning: Citation `bla' on page 23 undefined on input line 12.


LaTeX Warning: Citation `blubb' on page 23 undefined on input line 12.


LaTeX Warning: Citation `bla' on page 23 undefined on input line 13.


LaTeX Warning: Citation `blubb' on page 23 undefined on input line 15.

)
Underfull \hbox (badness 10000) in paragraph at lines 12--83

 []


("C:/Users/Markud/Documents/Bachelor Arbeit/BachelorArbeit/BachelorArbeit/Bache
lorArbeit.bbl" [23

] [24

]) [25]
Underfull \hbox (badness 10000) in paragraph at lines 98--99

 []


("C:/Users/Markud/Documents/Bachelor Arbeit/BachelorArbeit/BachelorArbeit/Kapit
el/Erklaerung.tex"
Underfull \hbox (badness 10000) in paragraph at lines 6--16

 []

luaotfload | load : auto-selecting default features for script: latn
luaotfload | load : no defaults for script "latn", falling back to "dflt"
luaotfload | load : auto-selecting default features for script: latn
luaotfload | load : no defaults for script "latn", falling back to "dflt"
luaotfload | load : auto-selecting default features for script: dflt)
Underfull \hbox (badness 10000) in paragraph at lines 18--103

 []


Underfull \hbox (badness 10000) in paragraph at lines 18--103

 []


Underfull \hbox (badness 10000) in paragraph at lines 18--103

 []


Underfull \hbox (badness 10000) in paragraph at lines 18--103

 []

Package atveryend Info: Empty hook `BeforeClearDocument' on input line 104.
[26]
Package atveryend Info: Empty hook `AfterLastShipout' on input line 104.

("C:/Users/Markud/Documents/Bachelor Arbeit/BachelorArbeit/BachelorArbeit/Bache
lorArbeit.aux")
Package atveryend Info: Executing hook `AtVeryEndDocument' on input line 104.
Package atveryend Info: Executing hook `AtEndAfterFileList' on input line 104.
Package rerunfilecheck Info: File `BachelorArbeit.out' has not changed.
(rerunfilecheck)             Checksum: E04B60C5748AF4F6C6F050A2C1ED1B22;1510.


LaTeX Warning: There were undefined references.

Package atveryend Info: Empty hook `AtVeryVeryEnd' on input line 104.
 )

Here is how much of LuaTeX's memory you used:
 19883 strings out of 494074
 100000,552014 words of node,token memory allocated
 519 words of node memory still in use:
    nodes
   avail lists: 2:14112,3:231,4:781,5:328,6:4605,7:515,8:25,9:135,10:650
 22533 multiletter control sequences out of 65536+200000
 79 fonts using 5798591 bytes
 50i,9n,37p,621b,443s stack positions out of 5000i,500n,10000p,200000b,50000s
<C:/Program Files/MiKTeX 2.9/fonts/opentype/public/lm/lmroman10-bolditalic.otf><
C:/Program Files/MiKTeX 2.9/fonts/opentype/public/lm/lmromanslant10-regular.otf>
<C:/Program Files/MiKTeX 2.9/fonts/opentype/public/lm/lmroman10-bold.otf><C:/Pro
gram Files/MiKTeX 2.9/fonts/opentype/public/lm/lmroman10-italic.otf><C:/Program 
Files/MiKTeX 2.9/fonts/opentype/public/lm/lmroman10-regular.otf><C:/Program File
s/MiKTeX 2.9/fonts/opentype/public/lm/lmroman12-regular.otf><C:/Program Files/Mi
KTeX 2.9/fonts/opentype/public/lm/lmroman12-bold.otf><C:/Program Files/MiKTeX 2.
9/fonts/type1/public/amsfonts/cm/cmex10.pfb><C:/Program Files/MiKTeX 2.9/fonts/t
ype1/public/amsfonts/cm/cmmi10.pfb><C:/Program Files/MiKTeX 2.9/fonts/type1/publ
ic/amsfonts/cm/cmmi8.pfb><C:/Program Files/MiKTeX 2.9/fonts/type1/public/amsfont
s/cm/cmr10.pfb><C:/Program Files/MiKTeX 2.9/fonts/type1/public/amsfonts/cm/cmr8.
pfb><C:/Program Files/MiKTeX 2.9/fonts/type1/public/amsfonts/cm/cmsy10.pfb><C:/P
rogram Files/MiKTeX 2.9/fonts/type1/public/eurosym/feymr10.pfb>
Output written on BachelorArbeit.pdf (32 pages, 17082076 bytes).

PDF statistics: 537 PDF objects out of 1000 (max. 8388607)
 108 named destinations out of 1000 (max. 131072)
 177 words of extra memory for PDF output out of 10000 (max. 10000000)

